<?xml version="1.0" encoding="UTF-8"?>
<!-- Generated by org.testng.reporters.JUnitReportReporter -->
<testsuite skipped="0" hostname="DESKTOP-C5FUFS1" name="RestClient.JSONSchemaValidation" tests="1" failures="0" timestamp="29 Apr 2022 16:46:50 GMT" time="4.128" errors="0">
  <testcase name="testGet" time="4.128" classname="RestClient.JSONSchemaValidation"/>
</testsuite> <!-- RestClient.JSONSchemaValidation -->
