<?xml version="1.0" encoding="UTF-8"?>
<!-- Generated by org.testng.reporters.JUnitReportReporter -->
<testsuite skipped="0" hostname="DESKTOP-C5FUFS1" name="RestClient.VideoGameAPITests" tests="5" failures="0" timestamp="18 May 2022 13:02:03 GMT" time="27.896" errors="0">
  <testcase name="getAllVideoGamesTest" time="19.447" classname="RestClient.VideoGameAPITests"/>
  <testcase name="addNewVideoGameTest" time="6.009" classname="RestClient.VideoGameAPITests"/>
  <testcase name="getVideoGameTest" time="1.566" classname="RestClient.VideoGameAPITests"/>
  <testcase name="updateVideoGameTest" time="0.782" classname="RestClient.VideoGameAPITests"/>
  <testcase name="deleteVideoGameTest" time="0.092" classname="RestClient.VideoGameAPITests"/>
</testsuite> <!-- RestClient.VideoGameAPITests -->
