<?xml version="1.0" encoding="UTF-8"?>
<!-- Generated by org.testng.reporters.JUnitReportReporter -->
<testsuite skipped="0" hostname="DESKTOP-C5FUFS1" name="RestClient.GetRequest" tests="2" failures="0" timestamp="28 Apr 2022 10:10:19 GMT" time="5.097" errors="0">
  <testcase name="testCase1" time="3.825" classname="RestClient.GetRequest"/>
  <testcase name="testcase2" time="1.272" classname="RestClient.GetRequest"/>
</testsuite> <!-- RestClient.GetRequest -->
