<?xml version="1.0" encoding="UTF-8"?>
<!-- Generated by org.testng.reporters.JUnitReportReporter -->
<testsuite skipped="0" hostname="DESKTOP-C5FUFS1" name="Specifics.DifferentWaysOfCallingHttpMethodsOnRequestSpecifications" tests="1" failures="0" timestamp="21 Jun 2022 07:32:54 GMT" time="5.817" errors="0">
  <testcase name="getMethods" time="5.817" classname="Specifics.DifferentWaysOfCallingHttpMethodsOnRequestSpecifications"/>
</testsuite> <!-- Specifics.DifferentWaysOfCallingHttpMethodsOnRequestSpecifications -->
