<?xml version="1.0" encoding="UTF-8"?>
<!-- Generated by org.testng.reporters.JUnitReportReporter -->
<testsuite skipped="0" hostname="DESKTOP-C5FUFS1" name="RestClient.TestRequestDemo1" tests="1" failures="0" timestamp="21 May 2022 17:12:39 GMT" time="3.989" errors="0">
  <testcase name="TestDemo1" time="3.989" classname="RestClient.TestRequestDemo1"/>
</testsuite> <!-- RestClient.TestRequestDemo1 -->
