<?xml version="1.0" encoding="UTF-8"?>
<!-- Generated by org.testng.reporters.JUnitReportReporter -->
<testsuite skipped="0" hostname="DESKTOP-C5FUFS1" name="Specifics.WithRequestSpecification" tests="2" failures="0" timestamp="20 Jun 2022 16:34:29 GMT" time="0.224" errors="0">
  <testcase name="getBookingDetailsWithInvalidFirstName" time="0.032" classname="Specifics.WithRequestSpecification"/>
  <testcase name="getAllBookings" time="0.192" classname="Specifics.WithRequestSpecification"/>
</testsuite> <!-- Specifics.WithRequestSpecification -->
