<?xml version="1.0" encoding="UTF-8"?>
<!-- Generated by org.testng.reporters.JUnitReportReporter -->
<testsuite skipped="0" hostname="DESKTOP-C5FUFS1" name="RestClient.PostReqTests" tests="4" failures="0" timestamp="29 Apr 2022 05:03:58 GMT" time="7.325" errors="0">
  <testcase name="test_2_put" time="0.743" classname="RestClient.PostReqTests"/>
  <testcase name="test_1_post" time="5.439" classname="RestClient.PostReqTests"/>
  <testcase name="test_3_patcb" time="0.567" classname="RestClient.PostReqTests"/>
  <testcase name="test_4_delete" time="0.576" classname="RestClient.PostReqTests"/>
</testsuite> <!-- RestClient.PostReqTests -->
