<?xml version="1.0" encoding="UTF-8"?>
<!-- Generated by org.testng.reporters.JUnitReportReporter -->
<testsuite skipped="0" hostname="DESKTOP-C5FUFS1" name="RestClient.getRequestTests" tests="1" failures="0" timestamp="28 Apr 2022 16:09:45 GMT" time="5.584" errors="0">
  <testcase name="test_1" time="5.584" classname="RestClient.getRequestTests"/>
</testsuite> <!-- RestClient.getRequestTests -->
