<?xml version="1.0" encoding="UTF-8"?>
<!-- Generated by org.testng.reporters.JUnitReportReporter -->
<testsuite skipped="5" hostname="DESKTOP-C5FUFS1" name="RestAssured.PostHttpMethodExample" tests="6" failures="0" timestamp="15 Jun 2022 18:15:22 GMT" time="11.863" errors="0">
  <testcase name="requestPayloadUsingDSHashMap" time="11.863" classname="RestAssured.PostHttpMethodExample"/>
  <testcase name="postMethodWithBDDApproach" classname="RestAssured.PostHttpMethodExample">
    <skipped/>
  </testcase> <!-- postMethodWithBDDApproach -->
  <testcase name="requestPayloadUsingJSONObject" classname="RestAssured.PostHttpMethodExample">
    <skipped/>
  </testcase> <!-- requestPayloadUsingJSONObject -->
  <testcase name="postMethodWithoutBDDApproach" classname="RestAssured.PostHttpMethodExample">
    <skipped/>
  </testcase> <!-- postMethodWithoutBDDApproach -->
  <testcase name="requestPayloadUsingJSONFile" classname="RestAssured.PostHttpMethodExample">
    <skipped/>
  </testcase> <!-- requestPayloadUsingJSONFile -->
  <testcase name="requestPayloadUsingClassMethod" classname="RestAssured.PostHttpMethodExample">
    <skipped/>
  </testcase> <!-- requestPayloadUsingClassMethod -->
</testsuite> <!-- RestAssured.PostHttpMethodExample -->
