<?xml version="1.0" encoding="UTF-8"?>
<!-- Generated by org.testng.reporters.JUnitReportReporter -->
<testsuite skipped="0" hostname="DESKTOP-C5FUFS1" name="Specifics.UsingResponseSpecification" tests="2" failures="0" timestamp="21 Jun 2022 06:19:56 GMT" time="3.838" errors="0">
  <testcase name="getAllBookings" time="2.601" classname="Specifics.UsingResponseSpecification"/>
  <testcase name="getBookingDetailsWithInvalidFirstName" time="1.237" classname="Specifics.UsingResponseSpecification"/>
</testsuite> <!-- Specifics.UsingResponseSpecification -->
