<?xml version="1.0" encoding="UTF-8"?>
<!-- Generated by org.testng.reporters.JUnitReportReporter -->
<testsuite skipped="0" hostname="DESKTOP-C5FUFS1" name="RestClient.SoapXMLRequest" tests="1" failures="0" timestamp="01 May 2022 13:33:57 GMT" time="24.871" errors="0">
  <testcase name="validateSoapXML" time="24.871" classname="RestClient.SoapXMLRequest"/>
</testsuite> <!-- RestClient.SoapXMLRequest -->
