<?xml version="1.0" encoding="UTF-8"?>
<!-- Generated by org.testng.reporters.JUnitReportReporter -->
<testsuite skipped="0" hostname="DESKTOP-C5FUFS1" name="Specifics.UsingResponseSpecBuilder" tests="2" failures="0" timestamp="21 Jun 2022 06:50:09 GMT" time="5.139" errors="0">
  <testcase name="getBookingDetailsWithInvalidFirstName" time="4.831" classname="Specifics.UsingResponseSpecBuilder"/>
  <testcase name="getAllBookings" time="0.308" classname="Specifics.UsingResponseSpecBuilder"/>
</testsuite> <!-- Specifics.UsingResponseSpecBuilder -->
