<?xml version="1.0" encoding="UTF-8"?>
<!-- Generated by org.testng.reporters.JUnitReportReporter -->
<testsuite skipped="0" hostname="DESKTOP-C5FUFS1" name="Specifics.WithoutUsingResponseSpecification" tests="2" failures="0" timestamp="21 Jun 2022 06:06:15 GMT" time="4.194" errors="0">
  <testcase name="getAllBookings" time="2.968" classname="Specifics.WithoutUsingResponseSpecification"/>
  <testcase name="getBookingDetailsWithInvalidFirstName" time="1.226" classname="Specifics.WithoutUsingResponseSpecification"/>
</testsuite> <!-- Specifics.WithoutUsingResponseSpecification -->
