<?xml version="1.0" encoding="UTF-8"?>
<!-- Generated by org.testng.reporters.JUnitReportReporter -->
<testsuite skipped="0" hostname="DESKTOP-C5FUFS1" name="RestAssured.JsonPathExample" tests="1" failures="0" timestamp="16 Jun 2022 06:51:37 GMT" time="1.385" errors="0">
  <testcase name="jsonPathExamples" time="1.385" classname="RestAssured.JsonPathExample"/>
</testsuite> <!-- RestAssured.JsonPathExample -->
