<?xml version="1.0" encoding="UTF-8"?>
<!-- Generated by org.testng.reporters.JUnitReportReporter -->
<testsuite skipped="0" hostname="DESKTOP-C5FUFS1" name="Specifics.WithRequestSpecBuilder" tests="2" failures="0" timestamp="21 Jun 2022 05:38:46 GMT" time="0.793" errors="0">
  <testcase name="getAllBookings" time="0.763" classname="Specifics.WithRequestSpecBuilder"/>
  <testcase name="getBookingDetailsWithInvalidFirstName" time="0.030" classname="Specifics.WithRequestSpecBuilder"/>
</testsuite> <!-- Specifics.WithRequestSpecBuilder -->
