<?xml version="1.0" encoding="UTF-8"?>
<!-- Generated by org.testng.reporters.JUnitReportReporter -->
<testsuite skipped="0" hostname="DESKTOP-C5FUFS1" name="RestClient.CreatePlace" tests="3" failures="0" timestamp="27 May 2022 15:24:54 GMT" time="4.790" errors="0">
  <testcase name="testAddPlace" time="3.498" classname="RestClient.CreatePlace"/>
  <testcase name="testUpdatePlace" time="0.250" classname="RestClient.CreatePlace"/>
  <testcase name="testGetPlace" time="1.042" classname="RestClient.CreatePlace"/>
</testsuite> <!-- RestClient.CreatePlace -->
