<?xml version="1.0" encoding="UTF-8"?>
<!-- Generated by org.testng.reporters.JUnitReportReporter -->
<testsuite skipped="0" hostname="DESKTOP-C5FUFS1" name="Specifics.withoutUsingRequestSpecification" tests="2" failures="0" timestamp="20 Jun 2022 16:24:16 GMT" time="0.603" errors="0">
  <testcase name="getAllBookings" time="0.540" classname="Specifics.withoutUsingRequestSpecification"/>
  <testcase name="getBookingDetailsWithInvalidFirstName" time="0.063" classname="Specifics.withoutUsingRequestSpecification"/>
</testsuite> <!-- Specifics.withoutUsingRequestSpecification -->
